#! /usr/bin/vvp
:ivl_version "11.0 (stable)";
:ivl_delay_selection "TYPICAL";
:vpi_time_precision + 0;
:vpi_module "/usr/lib/x86_64-linux-gnu/ivl/system.vpi";
:vpi_module "/usr/lib/x86_64-linux-gnu/ivl/vhdl_sys.vpi";
:vpi_module "/usr/lib/x86_64-linux-gnu/ivl/vhdl_textio.vpi";
:vpi_module "/usr/lib/x86_64-linux-gnu/ivl/v2005_math.vpi";
:vpi_module "/usr/lib/x86_64-linux-gnu/ivl/va_math.vpi";
S_0x5cd651176df0 .scope module, "counter_mod16" "counter_mod16" 2 3;
 .timescale 0 0;
    .port_info 0 /INPUT 1 "clk";
    .port_info 1 /INPUT 1 "rst";
    .port_info 2 /OUTPUT 4 "count";
o0x7d6010687018 .functor BUFZ 1, C4<z>; HiZ drive
v0x5cd651178ba0_0 .net "clk", 0 0, o0x7d6010687018;  0 drivers
v0x5cd6511bf000_0 .var "count", 3 0;
o0x7d6010687078 .functor BUFZ 1, C4<z>; HiZ drive
v0x5cd6511bf0e0_0 .net "rst", 0 0, o0x7d6010687078;  0 drivers
E_0x5cd6511af9e0 .event posedge, v0x5cd6511bf0e0_0, v0x5cd651178ba0_0;
    .scope S_0x5cd651176df0;
T_0 ;
    %wait E_0x5cd6511af9e0;
    %load/vec4 v0x5cd6511bf0e0_0;
    %flag_set/vec4 8;
    %jmp/0xz  T_0.0, 8;
    %pushi/vec4 0, 0, 4;
    %assign/vec4 v0x5cd6511bf000_0, 0;
    %jmp T_0.1;
T_0.0 ;
    %load/vec4 v0x5cd6511bf000_0;
    %cmpi/e 15, 0, 4;
    %jmp/0xz  T_0.2, 4;
    %pushi/vec4 0, 0, 4;
    %assign/vec4 v0x5cd6511bf000_0, 0;
    %jmp T_0.3;
T_0.2 ;
    %load/vec4 v0x5cd6511bf000_0;
    %addi 1, 0, 4;
    %assign/vec4 v0x5cd6511bf000_0, 0;
T_0.3 ;
T_0.1 ;
    %jmp T_0;
    .thread T_0;
# The file index is used to find the file name in the following table.
:file_names 3;
    "N/A";
    "<interactive>";
    "mode_16_counter.v";
